<?xml version="1.0" encoding="UTF-8"?>
<testsuite name="DataTest" tests="4" skipped="1" failures="0" errors="0" timestamp="2023-06-30T23:29:18" hostname="DESKTOP-220404" time="0.004">
  <properties/>
  <testcase name="setAutoTransfer()" classname="DataTest" time="0.001">
    <skipped/>
  </testcase>
  <testcase name="initTest2()" classname="DataTest" time="0.002"/>
  <testcase name="initTest()" classname="DataTest" time="0.0"/>
  <testcase name="persistenceTest()" classname="DataTest" time="0.0"/>
  <system-out><![CDATA[]]></system-out>
  <system-err><![CDATA[]]></system-err>
</testsuite>
