<?xml version="1.0" encoding="UTF-8"?>
<testsuite name="SecondTest" tests="2" skipped="0" failures="0" errors="0" timestamp="2023-06-26T11:02:09" hostname="DESKTOP-52O1VGR" time="0.012">
  <properties/>
  <testcase name="setAutoTransfer()" classname="SecondTest" time="0.011"/>
  <testcase name="autoDeposit()" classname="SecondTest" time="0.0"/>
  <system-out><![CDATA[]]></system-out>
  <system-err><![CDATA[]]></system-err>
</testsuite>
