<?xml version="1.0" encoding="UTF-8"?>
<testsuite name="AutoTradingManagerTest" tests="1" skipped="0" failures="0" errors="0" timestamp="2023-06-25T05:06:09" hostname="DESKTOP-220404" time="0.017">
  <properties/>
  <testcase name="deposit()" classname="AutoTradingManagerTest" time="0.017"/>
  <system-out><![CDATA[]]></system-out>
  <system-err><![CDATA[]]></system-err>
</testsuite>
