<?xml version="1.0" encoding="UTF-8"?>
<testsuite name="AccountTest" tests="4" skipped="0" failures="0" errors="0" timestamp="2023-06-30T23:29:18" hostname="DESKTOP-220404" time="0.022">
  <properties/>
  <testcase name="doAutoDeposit()" classname="AccountTest" time="0.015"/>
  <testcase name="getExpectedBalance()" classname="AccountTest" time="0.001"/>
  <testcase name="getTotalExpenses()" classname="AccountTest" time="0.001"/>
  <testcase name="setAutoDeposit()" classname="AccountTest" time="0.002"/>
  <system-out><![CDATA[적금통장 5000
]]></system-out>
  <system-err><![CDATA[]]></system-err>
</testsuite>
